{"total": {"lines":{"total":49,"covered":43,"skipped":0,"pct":87.75},"statements":{"total":49,"covered":43,"skipped":0,"pct":87.75},"functions":{"total":7,"covered":6,"skipped":0,"pct":85.71},"branches":{"total":20,"covered":17,"skipped":0,"pct":85},"branchesTrue":{"total":0,"covered":0,"skipped":0,"pct":"Unknown"}}
,"C:\\Users\\darie\\Documents\\Ing. de Software II\\PropTrack\\src\\format.js": {"lines":{"total":43,"covered":43,"skipped":0,"pct":100},"functions":{"total":6,"covered":6,"skipped":0,"pct":100},"statements":{"total":43,"covered":43,"skipped":0,"pct":100},"branches":{"total":19,"covered":17,"skipped":0,"pct":89.47}}
,"C:\\Users\\darie\\Documents\\Ing. de Software II\\PropTrack\\src\\supabaseClient.js": {"lines":{"total":6,"covered":0,"skipped":0,"pct":0},"functions":{"total":1,"covered":0,"skipped":0,"pct":0},"statements":{"total":6,"covered":0,"skipped":0,"pct":0},"branches":{"total":1,"covered":0,"skipped":0,"pct":0}}
}
