TN:
SF:src\format.js
FN:10,fmtL
FN:14,fmtArea
FN:23,fmtDias
FN:28,fmtFecha
FN:32,fmtHace
FN:43,esc
FNF:6
FNH:6
FNDA:7,fmtL
FNDA:4,fmtArea
FNDA:2,fmtDias
FNDA:1,fmtFecha
FNDA:3,fmtHace
FNDA:3,esc
DA:1,1
DA:2,1
DA:3,1
DA:4,1
DA:6,1
DA:8,1
DA:10,1
DA:11,7
DA:12,7
DA:14,1
DA:15,4
DA:16,4
DA:17,1
DA:18,1
DA:19,1
DA:20,1
DA:21,1
DA:23,1
DA:24,2
DA:25,2
DA:26,2
DA:28,1
DA:29,1
DA:30,1
DA:32,1
DA:33,3
DA:34,3
DA:35,2
DA:36,3
DA:37,1
DA:38,3
DA:39,1
DA:40,3
DA:41,3
DA:43,1
DA:44,3
DA:45,6
DA:46,6
DA:47,6
DA:48,6
DA:49,6
DA:50,3
DA:51,3
LF:43
LH:43
BRDA:10,0,0,7
BRDA:11,1,0,3
BRDA:14,2,0,4
BRDA:15,3,0,2
BRDA:16,4,0,1
BRDA:23,5,0,2
BRDA:25,6,0,1
BRDA:25,7,0,1
BRDA:28,8,0,1
BRDA:32,9,0,3
BRDA:34,10,0,1
BRDA:34,11,0,2
BRDA:36,12,0,1
BRDA:38,13,0,0
BRDA:38,14,0,1
BRDA:40,15,0,0
BRDA:43,16,0,3
BRDA:44,17,0,2
BRDA:44,18,0,6
BRF:19
BRH:17
end_of_record
TN:
SF:src\supabaseClient.js
FN:1,(empty-report)
FNF:1
FNH:0
FNDA:0,(empty-report)
DA:1,0
DA:2,0
DA:3,0
DA:4,0
DA:5,0
DA:6,0
LF:6
LH:0
BRDA:1,0,0,0
BRF:1
BRH:0
end_of_record
